<?xml version="1.0" encoding="UTF-8"?>
<testng-results skipped="0" failed="0" total="2" passed="2">
  <reporter-output>
  </reporter-output>
  <suite name="Default suite" duration-ms="15758" started-at="2020-08-09T23:27:22Z" finished-at="2020-08-09T23:27:37Z">
    <groups>
    </groups>
    <test name="Default test" duration-ms="15758" started-at="2020-08-09T23:27:22Z" finished-at="2020-08-09T23:27:37Z">
      <class name="com.qa.darkSky.tests.TodayWeatherPageTest">
        <test-method status="PASS" signature="setUp()[pri:0, instance:com.qa.darkSky.tests.TodayWeatherPageTest@56cbfb61]" name="setUp" is-config="true" duration-ms="6341" started-at="2020-08-09T19:27:22Z" finished-at="2020-08-09T19:27:28Z">
          <reporter-output>
          </reporter-output>
        </test-method> <!-- setUp -->
        <test-method status="PASS" signature="clickToday()[pri:0, instance:com.qa.darkSky.tests.TodayWeatherPageTest@56cbfb61]" name="clickToday" duration-ms="55" started-at="2020-08-09T19:27:28Z" finished-at="2020-08-09T19:27:28Z">
          <reporter-output>
          </reporter-output>
        </test-method> <!-- clickToday -->
        <test-method status="PASS" signature="verifyTemp()[pri:0, instance:com.qa.darkSky.tests.TodayWeatherPageTest@56cbfb61]" name="verifyTemp" duration-ms="9321" started-at="2020-08-09T19:27:28Z" finished-at="2020-08-09T19:27:37Z">
          <reporter-output>
          </reporter-output>
        </test-method> <!-- verifyTemp -->
        <test-method status="PASS" signature="tearDown()[pri:0, instance:com.qa.darkSky.tests.TodayWeatherPageTest@56cbfb61]" name="tearDown" is-config="true" duration-ms="0" started-at="2020-08-09T19:27:37Z" finished-at="2020-08-09T19:27:37Z">
          <reporter-output>
          </reporter-output>
        </test-method> <!-- tearDown -->
      </class> <!-- com.qa.darkSky.tests.TodayWeatherPageTest -->
    </test> <!-- Default test -->
  </suite> <!-- Default suite -->
</testng-results>
